This is pdfTeX, Version 3.14159265-2.6-1.40.18 (TeX Live 2017/Debian) (preloaded format=pdflatex 2019.2.27)  16 MAR 2019 12:17
entering extended mode
 restricted \write18 enabled.
 %&-line parsing enabled.
**birthday.py
(./birthday.py
LaTeX2e <2017-04-15>
Babel <3.18> and hyphenation patterns for 3 language(s) loaded.
! You can't use `macro parameter character #' in vertical mode.
l.1 #
     !/bin/env python
? 

! LaTeX Error: Missing \begin{document}.

See the LaTeX manual or LaTeX Companion for explanation.
Type  H <return>  for immediate help.
 ...                                              
                                                  
l.1 #!
      /bin/env python
? 
Missing character: There is no ! in font nullfont!
Missing character: There is no / in font nullfont!
Missing character: There is no b in font nullfont!
Missing character: There is no i in font nullfont!
Missing character: There is no n in font nullfont!
Missing character: There is no / in font nullfont!
Missing character: There is no e in font nullfont!
Missing character: There is no n in font nullfont!
Missing character: There is no v in font nullfont!
Missing character: There is no p in font nullfont!
Missing character: There is no y in font nullfont!
Missing character: There is no t in font nullfont!
Missing character: There is no h in font nullfont!
Missing character: There is no o in font nullfont!
Missing character: There is no n in font nullfont!

Overfull \hbox (20.0pt too wide) in paragraph at lines 1--2
[]
 []


! LaTeX Error: Missing \begin{document}.

See the LaTeX manual or LaTeX Companion for explanation.
Type  H <return>  for immediate help.
 ...                                              
                                                  
l.3 i
     mport random
? q
OK, entering \batchmode...
Missing character: There is no i in font nullfont!
Missing character: There is no m in font nullfont!
Missing character: There is no p in font nullfont!
Missing character: There is no o in font nullfont!
Missing character: There is no r in font nullfont!
Missing character: There is no t in font nullfont!
Missing character: There is no r in font nullfont!
Missing character: There is no a in font nullfont!
Missing character: There is no n in font nullfont!
Missing character: There is no d in font nullfont!
Missing character: There is no o in font nullfont!
Missing character: There is no m in font nullfont!

Overfull \hbox (20.0pt too wide) in paragraph at lines 3--4
[]
 []


! LaTeX Error: Missing \begin{document}.

See the LaTeX manual or LaTeX Companion for explanation.
Type  H <return>  for immediate help.
 ...                                              
                                                  
l.5 N
     UM_TESTS = 100000
You're in trouble here.  Try typing  <return>  to proceed.
If that doesn't work, type  X <return>  to quit.

Missing character: There is no N in font nullfont!
Missing character: There is no U in font nullfont!
Missing character: There is no M in font nullfont!
! Missing $ inserted.
<inserted text> 
                $
l.5 NUM_
        TESTS = 100000
I've inserted a begin-math/end-math symbol since I think
you left one out. Proceed, with fingers crossed.

LaTeX Font Info:    External font `cmex10' loaded for size
(Font)              <7> on input line 5.
LaTeX Font Info:    External font `cmex10' loaded for size
(Font)              <5> on input line 5.
! Missing $ inserted.
<inserted text> 
                $
l.6 
    
I've inserted a begin-math/end-math symbol since I think
you left one out. Proceed, with fingers crossed.


Overfull \hbox (65.46275pt too wide) in paragraph at lines 5--6
[]$[]\OML/cmm/m/it/10 ESTS \OT1/cmr/m/n/10 =
 []


Overfull \hbox (30.00009pt too wide) in paragraph at lines 5--6
\OT1/cmr/m/n/10 100000$ 
 []


! LaTeX Error: Missing \begin{document}.

See the LaTeX manual or LaTeX Companion for explanation.
Type  H <return>  for immediate help.
 ...                                              
                                                  
l.7 d
     ef simulate_bday():
You're in trouble here.  Try typing  <return>  to proceed.
If that doesn't work, type  X <return>  to quit.

Missing character: There is no d in font nullfont!
Missing character: There is no e in font nullfont!
Missing character: There is no f in font nullfont!
Missing character: There is no s in font nullfont!
Missing character: There is no i in font nullfont!
Missing character: There is no m in font nullfont!
Missing character: There is no u in font nullfont!
Missing character: There is no l in font nullfont!
Missing character: There is no a in font nullfont!
Missing character: There is no t in font nullfont!
Missing character: There is no e in font nullfont!
! Missing $ inserted.
<inserted text> 
                $
l.7 def simulate_
                 bday():
I've inserted a begin-math/end-math symbol since I think
you left one out. Proceed, with fingers crossed.

! You can't use `macro parameter character #' in math mode.
l.8     #
          Create a generating list of birthdays
Sorry, but I'm not programmed to handle this case;
I'll just pretend that you didn't ask for it.
If you're in the wrong mode, you might be able to
return to the right one by typing `I}' or `I$' or `I\par'.

! You can't use `macro parameter character #' in math mode.
l.14             #
                   Found a duplicate birthday!
Sorry, but I'm not programmed to handle this case;
I'll just pretend that you didn't ask for it.
If you're in the wrong mode, you might be able to
return to the right one by typing `I}' or `I$' or `I\par'.

! Missing $ inserted.
<inserted text> 
                $
l.18 
     
I've inserted a begin-math/end-math symbol since I think
you left one out. Proceed, with fingers crossed.


Overfull \hbox (20.0pt too wide) in paragraph at lines 7--18
[]
 []


Overfull \hbox (33.10231pt too wide) in paragraph at lines 7--18
[]\OML/cmm/m/it/10 day\OT1/cmr/m/n/10 () :
 []


Overfull \hbox (205.82965pt too wide) in paragraph at lines 7--18
\OML/cmm/m/it/10 Createageneratinglistofbirthdaysbirthdays \OT1/cmr/m/n/10 =
 []


Overfull \hbox (274.43558pt too wide) in paragraph at lines 7--18
\OT1/cmr/m/n/10 (\OML/cmm/m/it/10 random:randint\OT1/cmr/m/n/10 (1\OML/cmm/m/it
/10 ; \OT1/cmr/m/n/10 365)\OML/cmm/m/it/10 forxinrange\OT1/cmr/m/n/10 (365))\OM
L/cmm/m/it/10 unique[]irthdays \OT1/cmr/m/n/10 =
 []


Overfull \hbox (25.23605pt too wide) in paragraph at lines 7--18
\OT1/cmr/m/n/10 []\OML/cmm/m/it/10 N \OT1/cmr/m/n/10 =
 []


Overfull \hbox (115.60175pt too wide) in paragraph at lines 7--18
\OT1/cmr/m/n/10 0\OML/cmm/m/it/10 forbirthdayinbirthdays \OT1/cmr/m/n/10 :
 []


Overfull \hbox (134.51108pt too wide) in paragraph at lines 7--18
\OML/cmm/m/it/10 ifbirthdayinunique[]irthdays \OT1/cmr/m/n/10 :
 []


Overfull \hbox (333.79504pt too wide) in paragraph at lines 7--18
\OML/cmm/m/it/10 Foundaduplicatebirthday\OT1/cmr/m/n/10 !\OML/cmm/m/it/10 retur
nNunique[]irthdays:append\OT1/cmr/m/n/10 (\OML/cmm/m/it/10 birthday\OT1/cmr/m/n
/10 )\OML/cmm/m/it/10 N\OT1/cmr/m/n/10 + =
 []


Overfull \hbox (5.00002pt too wide) in paragraph at lines 7--18
\OT1/cmr/m/n/10 1$ 
 []


! LaTeX Error: Missing \begin{document}.

See the LaTeX manual or LaTeX Companion for explanation.
Type  H <return>  for immediate help.
 ...                                              
                                                  
l.19 t
      ests = [simulate_bday() for x in range(NUM_TESTS)]
You're in trouble here.  Try typing  <return>  to proceed.
If that doesn't work, type  X <return>  to quit.

Missing character: There is no t in font nullfont!
Missing character: There is no e in font nullfont!
Missing character: There is no s in font nullfont!
Missing character: There is no t in font nullfont!
Missing character: There is no s in font nullfont!
Missing character: There is no = in font nullfont!
Missing character: There is no [ in font nullfont!
Missing character: There is no s in font nullfont!
Missing character: There is no i in font nullfont!
Missing character: There is no m in font nullfont!
Missing character: There is no u in font nullfont!
Missing character: There is no l in font nullfont!
Missing character: There is no a in font nullfont!
Missing character: There is no t in font nullfont!
Missing character: There is no e in font nullfont!
! Missing $ inserted.
<inserted text> 
                $
l.19 tests = [simulate_
                       bday() for x in range(NUM_TESTS)]
I've inserted a begin-math/end-math symbol since I think
you left one out. Proceed, with fingers crossed.

! Missing $ inserted.
<inserted text> 
                $
l.21 
     
I've inserted a begin-math/end-math symbol since I think
you left one out. Proceed, with fingers crossed.


Overfull \hbox (20.0pt too wide) in paragraph at lines 19--21
[]
 []


Overfull \hbox (191.66814pt too wide) in paragraph at lines 19--21
[]\OML/cmm/m/it/10 day\OT1/cmr/m/n/10 ()\OML/cmm/m/it/10 forxinrange\OT1/cmr/m/
n/10 (\OML/cmm/m/it/10 NUM[]ESTS\OT1/cmr/m/n/10 )]\OML/cmm/m/it/10 mean \OT1/cm
r/m/n/10 =
 []


Overfull \hbox (126.76888pt too wide) in paragraph at lines 19--21
\OML/cmm/m/it/10 sum\OT1/cmr/m/n/10 (\OML/cmm/m/it/10 tests\OT1/cmr/m/n/10 )\OM
L/cmm/m/it/10 =float\OT1/cmr/m/n/10 (\OML/cmm/m/it/10 len\OT1/cmr/m/n/10 (\OML/
cmm/m/it/10 tests\OT1/cmr/m/n/10 ))$ 
 []


! LaTeX Error: Missing \begin{document}.

See the LaTeX manual or LaTeX Companion for explanation.
Type  H <return>  for immediate help.
 ...                                              
                                                  
l.22 p
      rint("Expectation:", mean)
You're in trouble here.  Try typing  <return>  to proceed.
If that doesn't work, type  X <return>  to quit.

Missing character: There is no p in font nullfont!
Missing character: There is no r in font nullfont!
Missing character: There is no i in font nullfont!
Missing character: There is no n in font nullfont!
Missing character: There is no t in font nullfont!
Missing character: There is no ( in font nullfont!
Missing character: There is no " in font nullfont!
Missing character: There is no E in font nullfont!
Missing character: There is no x in font nullfont!
Missing character: There is no p in font nullfont!
Missing character: There is no e in font nullfont!
Missing character: There is no c in font nullfont!
Missing character: There is no t in font nullfont!
Missing character: There is no a in font nullfont!
Missing character: There is no t in font nullfont!
Missing character: There is no i in font nullfont!
Missing character: There is no o in font nullfont!
Missing character: There is no n in font nullfont!
Missing character: There is no : in font nullfont!
Missing character: There is no " in font nullfont!
Missing character: There is no , in font nullfont!
Missing character: There is no m in font nullfont!
Missing character: There is no e in font nullfont!
Missing character: There is no a in font nullfont!
Missing character: There is no n in font nullfont!
Missing character: There is no ) in font nullfont!
)
! Emergency stop.
<*> birthday.py
               
*** (job aborted, no legal \end found)

 
Here is how much of TeX's memory you used:
 9 strings out of 494923
 181 string characters out of 6180742
 47184 words of memory out of 5000000
 3423 multiletter control sequences out of 15000+600000
 3640 words of font info for 14 fonts, out of 8000000 for 9000
 14 hyphenation exceptions out of 8191
 18i,1n,12p,73b,56s stack positions out of 5000i,500n,10000p,200000b,80000s
!  ==> Fatal error occurred, no output PDF file produced!
